Arguments: 
  /usr/local/bin/node /usr/local/Cellar/yarn/1.22.4/libexec/bin/yarn.js install

PATH: 
  /Users/ewelinazawol/.rvm/gems/ruby-2.7.1/bin:/Users/ewelinazawol/.rvm/gems/ruby-2.7.1@global/bin:/Users/ewelinazawol/.rvm/rubies/ruby-2.7.1/bin:/Users/ewelinazawol/.rvm/bin:/usr/local/bin:/usr/bin:/bin:/usr/sbin:/sbin

Yarn version: 
  1.22.4

Node version: 
  12.18.0

Platform: 
  darwin x64

Trace: 
  SyntaxError: /Users/ewelinazawol/ewelinaruby/Projects/todo-api/package.json: Unexpected token : in JSON at position 9
      at JSON.parse (<anonymous>)
      at /usr/local/Cellar/yarn/1.22.4/libexec/lib/cli.js:1625:59
      at Generator.next (<anonymous>)
      at step (/usr/local/Cellar/yarn/1.22.4/libexec/lib/cli.js:310:30)
      at /usr/local/Cellar/yarn/1.22.4/libexec/lib/cli.js:321:13

npm manifest: 
  "engines": {
    "node": "^6.9",
    "yarn": "^0.21"
  },

yarn manifest: 
  No manifest

Lockfile: 
  # THIS IS AN AUTOGENERATED FILE. DO NOT EDIT THIS FILE DIRECTLY.
  # yarn lockfile v1
